0 info it worked if it ends with ok
1 verbose cli [ '/usr/local/bin/node',
1 verbose cli   '/usr/local/bin/npm',
1 verbose cli   'install',
1 verbose cli   'handlebars-express',
1 verbose cli   '--save' ]
2 info using npm@2.14.7
3 info using node@v4.2.1
4 verbose install initial load of /Users/rolandocosme/Documents/RCB_Classwork/week14/monday/handlebrs/package.json
5 warn package.json handlebrs@1.0.0 No description
6 warn package.json handlebrs@1.0.0 No repository field.
7 warn package.json handlebrs@1.0.0 No README data
8 verbose readDependencies loading dependencies from /Users/rolandocosme/Documents/RCB_Classwork/week14/monday/handlebrs/package.json
9 silly cache add args [ 'handlebars-express', null ]
10 verbose cache add spec handlebars-express
11 silly cache add parsed spec Result {
11 silly cache add   raw: 'handlebars-express',
11 silly cache add   scope: null,
11 silly cache add   name: 'handlebars-express',
11 silly cache add   rawSpec: '',
11 silly cache add   spec: '*',
11 silly cache add   type: 'range' }
12 silly addNamed handlebars-express@*
13 verbose addNamed "*" is a valid semver range for handlebars-express
14 silly addNameRange { name: 'handlebars-express', range: '*', hasData: false }
15 silly mapToRegistry name handlebars-express
16 silly mapToRegistry using default registry
17 silly mapToRegistry registry https://registry.npmjs.org/
18 silly mapToRegistry uri https://registry.npmjs.org/handlebars-express
19 verbose addNameRange registry:https://registry.npmjs.org/handlebars-express not in flight; fetching
20 verbose request uri https://registry.npmjs.org/handlebars-express
21 verbose request no auth needed
22 info attempt registry request try #1 at 8:51:13 PM
23 verbose request id 8a3191bd120a20db
24 http request GET https://registry.npmjs.org/handlebars-express
25 http 404 https://registry.npmjs.org/handlebars-express
26 verbose headers { 'content-type': 'application/json',
26 verbose headers   'cache-control': 'max-age=0',
26 verbose headers   'content-length': '2',
26 verbose headers   'accept-ranges': 'bytes',
26 verbose headers   date: 'Tue, 09 Feb 2016 01:51:13 GMT',
26 verbose headers   via: '1.1 varnish',
26 verbose headers   age: '0',
26 verbose headers   connection: 'keep-alive',
26 verbose headers   'x-served-by': 'cache-atl6247-ATL',
26 verbose headers   'x-cache': 'MISS',
26 verbose headers   'x-cache-hits': '0',
26 verbose headers   'x-timer': 'S1454982673.454854,VS0,VE404' }
27 silly get cb [ 404,
27 silly get   { 'content-type': 'application/json',
27 silly get     'cache-control': 'max-age=0',
27 silly get     'content-length': '2',
27 silly get     'accept-ranges': 'bytes',
27 silly get     date: 'Tue, 09 Feb 2016 01:51:13 GMT',
27 silly get     via: '1.1 varnish',
27 silly get     age: '0',
27 silly get     connection: 'keep-alive',
27 silly get     'x-served-by': 'cache-atl6247-ATL',
27 silly get     'x-cache': 'MISS',
27 silly get     'x-cache-hits': '0',
27 silly get     'x-timer': 'S1454982673.454854,VS0,VE404' } ]
28 verbose stack Error: Registry returned 404 for GET on https://registry.npmjs.org/handlebars-express
28 verbose stack     at makeError (/usr/local/lib/node_modules/npm/node_modules/npm-registry-client/lib/request.js:264:12)
28 verbose stack     at CachingRegistryClient.<anonymous> (/usr/local/lib/node_modules/npm/node_modules/npm-registry-client/lib/request.js:242:14)
28 verbose stack     at Request._callback (/usr/local/lib/node_modules/npm/node_modules/npm-registry-client/lib/request.js:172:14)
28 verbose stack     at Request.self.callback (/usr/local/lib/node_modules/npm/node_modules/request/request.js:198:22)
28 verbose stack     at emitTwo (events.js:87:13)
28 verbose stack     at Request.emit (events.js:172:7)
28 verbose stack     at Request.<anonymous> (/usr/local/lib/node_modules/npm/node_modules/request/request.js:1063:14)
28 verbose stack     at emitOne (events.js:82:20)
28 verbose stack     at Request.emit (events.js:169:7)
28 verbose stack     at IncomingMessage.<anonymous> (/usr/local/lib/node_modules/npm/node_modules/request/request.js:1009:12)
29 verbose statusCode 404
30 verbose pkgid handlebars-express
31 verbose cwd /Users/rolandocosme/Documents/RCB_Classwork/week14/monday/handlebrs
32 error Darwin 15.3.0
33 error argv "/usr/local/bin/node" "/usr/local/bin/npm" "install" "handlebars-express" "--save"
34 error node v4.2.1
35 error npm  v2.14.7
36 error code E404
37 error 404 Registry returned 404 for GET on https://registry.npmjs.org/handlebars-express
37 error 404
37 error 404 'handlebars-express' is not in the npm registry.
37 error 404 You should bug the author to publish it (or use the name yourself!)
37 error 404 It was specified as a dependency of 'handlebrs'
37 error 404
37 error 404 Note that you can also install from a
37 error 404 tarball, folder, http url, or git url.
38 verbose exit [ 1, true ]
